%!Adobe-FontList 1.23
%Locale:0x419

%BeginFont
Handler:DirectoryHandler
FontType:TrueType
FontName:.SavoyeLetPlainCC
FamilyName:.Savoye LET CC.
StyleName:Plain
MenuName:.Savoye LET CC.
StyleBits:0
WeightClass:400
WidthClass:5
AngleClass:0
FullName:Savoye LET Plain CC.:1.0
WritingScript:Roman
OutlineFileName:/Users/nadiakirmosuk/Documents/file indd/Тека шаблони ДЛЯ НЕЇ/Document fonts/Savoye LET.ttc
TTCOffset:220
DataFormat:sfntData
hasSVG:no
VariableFontType:NonVariableFont
FileLength:110272
FileModTime:753339587
NameArray:0,Mac,4,Savoye LET Plain CC.:1.0
%EndFont

%BeginFont
Handler:DirectoryHandler
FontType:Type1
FontName:AcciaFlare-Light
FamilyName:Accia Flare
StyleName:Light
MenuName:Accia Flare Light
StyleBits:0
WeightClass:350
WidthClass:5
AngleClass:0
FullName:Accia Flare Light
WritingScript:Roman
OutlineFileName:/Users/nadiakirmosuk/Documents/file indd/Тека шаблони ДЛЯ НЕЇ/Document fonts/AcciaFlare-Light.otf
DataFormat:sfntData
UsesStandardEncoding:yes
isCFF:yes
hasSVG:no
VariableFontType:NonVariableFont
FileLength:82104
FileModTime:705486733
NameArray:0,Mac,4,Accia Flare Light
NameArray:0,Win,1,Accia Flare Light
NameArray:0,Win,16,Accia Flare
%EndFont

%BeginFont
Handler:DirectoryHandler
FontType:Invalid
OutlineFileName:/Users/nadiakirmosuk/Documents/file indd/Тека шаблони ДЛЯ НЕЇ/Document fonts/AdobeFnt23.lst
FileLength:38307
FileModTime:763386389
%EndFont

%BeginFont
Handler:DirectoryHandler
FontType:TrueType
FontName:AlethiaNext-Light
FamilyName:Alethia Next
StyleName:Light
MenuName:Alethia Next Light
StyleBits:0
WeightClass:350
WidthClass:5
AngleClass:0
FullName:AlethiaNext-Light
WritingScript:Roman
OutlineFileName:/Users/nadiakirmosuk/Documents/file indd/Тека шаблони ДЛЯ НЕЇ/Document fonts/AlethiaNext-Light.ttf
DataFormat:sfntData
hasSVG:no
VariableFontType:NonVariableFont
FileLength:133520
FileModTime:589380252
NameArray:0,Mac,4,AlethiaNext-Light
NameArray:0,Win,1,Alethia Next Light
NameArray:0,Win,16,Alethia Next
%EndFont

%BeginFont
Handler:DirectoryHandler
FontType:TrueType
FontName:Apple-Chancery
FamilyName:Apple Chancery
StyleName:Chancery
MenuName:Apple Chancery
StyleBits:0
WeightClass:0
WidthClass:5
AngleClass:1
FullName:Apple Chancery
WritingScript:Roman
OutlineFileName:/Users/nadiakirmosuk/Documents/file indd/Тека шаблони ДЛЯ НЕЇ/Document fonts/Apple Chancery.ttf
DataFormat:sfntData
hasSVG:no
VariableFontType:NonVariableFont
FileLength:336652
FileModTime:753339587
NameArray:0,Mac,4,Apple Chancery
%EndFont

%BeginFont
Handler:DirectoryHandler
FontType:TrueType
FontName:ArialNarrow-Italic
FamilyName:Arial Narrow
StyleName:Italic
MenuName:Arial Narrow
StyleBits:1
WeightClass:400
WidthClass:3
AngleClass:1
FullName:Arial Narrow Italic
WritingScript:Roman
OutlineFileName:/Users/nadiakirmosuk/Documents/file indd/Тека шаблони ДЛЯ НЕЇ/Document fonts/Arial Narrow Italic.ttf
DataFormat:sfntData
hasSVG:no
VariableFontType:NonVariableFont
FileLength:184944
FileModTime:753339587
NameArray:0,Mac,4,Arial Narrow Italic
NameArray:0,Win,1,Arial Narrow
%EndFont

%BeginFont
Handler:DirectoryHandler
FontType:Type1
FontName:AtteronPersonalUse
FamilyName:Atteron Personal Use
StyleName:Regular
MenuName:Atteron Personal Use
StyleBits:0
WeightClass:400
WidthClass:5
AngleClass:0
FullName:Atteron Personal Use
WritingScript:Roman
OutlineFileName:/Users/nadiakirmosuk/Documents/file indd/Тека шаблони ДЛЯ НЕЇ/Document fonts/Atteron.ttf
DataFormat:sfntData
UsesStandardEncoding:yes
isCFF:yes
hasSVG:no
VariableFontType:NonVariableFont
FileLength:99924
FileModTime:652582068
NameArray:0,Win,1,Atteron Personal Use
%EndFont

%BeginFont
Handler:DirectoryHandler
FontType:Type1
FontName:Aurora
FamilyName:Aurora
StyleName:Regular
MenuName:Aurora
StyleBits:0
WeightClass:400
WidthClass:5
AngleClass:0
FullName:Aurora
WritingScript:Roman
OutlineFileName:/Users/nadiakirmosuk/Documents/file indd/Тека шаблони ДЛЯ НЕЇ/Document fonts/Aurora.otf
DataFormat:sfntData
UsesStandardEncoding:yes
isCFF:yes
hasSVG:no
VariableFontType:NonVariableFont
FileLength:83732
FileModTime:671627632
NameArray:0,Win,1,Aurora
%EndFont

%BeginFont
Handler:DirectoryHandler
FontType:TrueType
FontName:Unnamed-Regular
FamilyName:Beware
StyleName:Regular
MenuName:Unnamed
StyleBits:0
WeightClass:400
WidthClass:5
AngleClass:0
FullName:Unnamed Regular
FamilyNameNative:
StyleNameNative:Regular
FullNameNative:
WritingScript:Cyrillic
OutlineFileName:/Users/nadiakirmosuk/Documents/file indd/Тека шаблони ДЛЯ НЕЇ/Document fonts/BEWARE.ttf
DataFormat:sfntData
hasSVG:no
VariableFontType:NonVariableFont
FileLength:71964
FileModTime:705486816
NameArray:0,Mac,4,Unnamed Regular
NameArray:0,Win,1,Unnamed
NameArray:0,Win,16,Beware
%EndFont

%BeginFont
Handler:DirectoryHandler
FontType:TrueType
FontName:BigCaslon-Medium
FamilyName:Big Caslon
StyleName:Medium
MenuName:Big Caslon
StyleBits:0
WeightClass:500
WidthClass:5
AngleClass:0
FullName:Big Caslon Medium
WritingScript:Roman
OutlineFileName:/Users/nadiakirmosuk/Documents/file indd/Тека шаблони ДЛЯ НЕЇ/Document fonts/BigCaslon.ttf
DataFormat:sfntData
hasSVG:no
VariableFontType:NonVariableFont
FileLength:223700
FileModTime:753339587
NameArray:0,Mac,4,Big Caslon Medium
%EndFont

%BeginFont
Handler:DirectoryHandler
FontType:TrueType
FontName:BodoniFLF-Roman
FamilyName:BodoniFLF
StyleName:Regular
MenuName:BodoniFLF
StyleBits:0
WeightClass:500
WidthClass:5
AngleClass:0
FullName:BodoniFLF-Roman
WritingScript:Roman
OutlineFileName:/Users/nadiakirmosuk/Documents/file indd/Тека шаблони ДЛЯ НЕЇ/Document fonts/BodoniFLF-Roman.ttf
DataFormat:sfntData
hasSVG:no
VariableFontType:NonVariableFont
FileLength:45680
FileModTime:290127096
NameArray:0,Mac,4,BodoniFLF-Roman
NameArray:0,Win,1,BodoniFLF
%EndFont

%BeginFont
Handler:DirectoryHandler
FontType:Type1
FontName:BrownSugar
FamilyName:Brown Sugar
StyleName:Regular
MenuName:Brown Sugar
StyleBits:0
WeightClass:400
WidthClass:5
AngleClass:0
FullName:Brown Sugar
WritingScript:Roman
OutlineFileName:/Users/nadiakirmosuk/Documents/file indd/Тека шаблони ДЛЯ НЕЇ/Document fonts/Brown Sugar .otf
DataFormat:sfntData
UsesStandardEncoding:yes
isCFF:yes
hasSVG:no
VariableFontType:NonVariableFont
FileLength:22200
FileModTime:650668750
NameArray:0,Mac,18,Brown Sugar
NameArray:0,Mac,4,Brown Sugar
NameArray:0,Win,1,Brown Sugar
NameArray:0,Win,16,Brown Sugar
%EndFont

%BeginFont
Handler:DirectoryHandler
FontType:Type1
FontName:CHERMONIRegular
FamilyName:CHERMONI
StyleName:Regular
MenuName:CHERMONI
StyleBits:0
WeightClass:400
WidthClass:5
AngleClass:0
FullName:CHERMONI
WritingScript:Roman
OutlineFileName:/Users/nadiakirmosuk/Documents/file indd/Тека шаблони ДЛЯ НЕЇ/Document fonts/CHERMONI.otf
DataFormat:sfntData
UsesStandardEncoding:yes
isCFF:yes
hasSVG:no
VariableFontType:NonVariableFont
FileLength:88796
FileModTime:713612676
NameArray:0,Mac,4,CHERMONI
NameArray:0,Win,1,CHERMONI
NameArray:0,Win,16,CHERMONI
%EndFont

%BeginFont
Handler:DirectoryHandler
FontType:TrueType
FontName:Carolina
FamilyName:Carolina
StyleName:Regular
MenuName:Carolina
StyleBits:0
WeightClass:400
WidthClass:5
AngleClass:0
FullName:Carolina
FamilyNameNative:
StyleNameNative:Regular
FullNameNative:
WritingScript:Cyrillic
OutlineFileName:/Users/nadiakirmosuk/Documents/file indd/Тека шаблони ДЛЯ НЕЇ/Document fonts/Carolina.ttf
DataFormat:sfntData
hasSVG:no
VariableFontType:NonVariableFont
FileLength:231362
FileModTime:708764979
NameArray:0,Mac,18,Carolina
NameArray:0,Mac,4,Carolina
NameArray:0,Win,1,Carolina
NameArray:0,Win,16,Carolina
%EndFont

%BeginFont
Handler:DirectoryHandler
FontType:TrueType
FontName:Daikon-ExtraLight
FamilyName:Daikon
StyleName:Extra Light
MenuName:Daikon ExtLt
StyleBits:0
WeightClass:300
WidthClass:5
AngleClass:0
FullName:Daikon-ExtraLight
WritingScript:Roman
OutlineFileName:/Users/nadiakirmosuk/Documents/file indd/Тека шаблони ДЛЯ НЕЇ/Document fonts/Daikon-ExtraLight.ttf
DataFormat:sfntData
hasSVG:no
VariableFontType:NonVariableFont
FileLength:93288
FileModTime:703913390
NameArray:0,Mac,4,Daikon-ExtraLight
NameArray:0,Win,1,Daikon ExtLt
NameArray:0,Win,16,Daikon
%EndFont

%BeginFont
Handler:DirectoryHandler
FontType:TrueType
FontName:Georgia-BoldItalic
FamilyName:Georgia
StyleName:Bold Italic
MenuName:Georgia
StyleBits:3
WeightClass:700
WidthClass:5
AngleClass:1
FullName:Georgia Bold Italic
WritingScript:Roman
OutlineFileName:/Users/nadiakirmosuk/Documents/file indd/Тека шаблони ДЛЯ НЕЇ/Document fonts/Georgia Bold Italic.ttf
DataFormat:sfntData
hasSVG:no
VariableFontType:NonVariableFont
FileLength:385768
FileModTime:753339587
NameArray:0,Mac,4,Georgia Bold Italic
NameArray:0,Win,1,Georgia
%EndFont

%BeginFont
Handler:DirectoryHandler
FontType:TrueType
FontName:Georgia-Bold
FamilyName:Georgia
StyleName:Bold
MenuName:Georgia
StyleBits:2
WeightClass:700
WidthClass:5
AngleClass:0
FullName:Georgia Bold
WritingScript:Roman
OutlineFileName:/Users/nadiakirmosuk/Documents/file indd/Тека шаблони ДЛЯ НЕЇ/Document fonts/Georgia Bold.ttf
DataFormat:sfntData
hasSVG:no
VariableFontType:NonVariableFont
FileLength:363800
FileModTime:753339587
NameArray:0,Mac,4,Georgia Bold
NameArray:0,Win,1,Georgia
%EndFont

%BeginFont
Handler:DirectoryHandler
FontType:TrueType
FontName:Georgia-Italic
FamilyName:Georgia
StyleName:Italic
MenuName:Georgia
StyleBits:1
WeightClass:400
WidthClass:5
AngleClass:1
FullName:Georgia Italic
WritingScript:Roman
OutlineFileName:/Users/nadiakirmosuk/Documents/file indd/Тека шаблони ДЛЯ НЕЇ/Document fonts/Georgia Italic.ttf
DataFormat:sfntData
hasSVG:no
VariableFontType:NonVariableFont
FileLength:400624
FileModTime:753339587
NameArray:0,Mac,4,Georgia Italic
NameArray:0,Win,1,Georgia
%EndFont

%BeginFont
Handler:DirectoryHandler
FontType:Type1
FontName:Golca-ExtraLight
FamilyName:Golca
StyleName:Extra Light
MenuName:Golca ExtLt
StyleBits:0
WeightClass:300
WidthClass:5
AngleClass:0
FullName:Golca Extra Light
WritingScript:Roman
OutlineFileName:/Users/nadiakirmosuk/Documents/file indd/Тека шаблони ДЛЯ НЕЇ/Document fonts/Golca-ExtraLight.otf
DataFormat:sfntData
UsesStandardEncoding:yes
isCFF:yes
hasSVG:no
VariableFontType:NonVariableFont
FileLength:83248
FileModTime:705486794
NameArray:0,Mac,4,Golca Extra Light
NameArray:0,Win,1,Golca ExtLt
NameArray:0,Win,16,Golca
%EndFont

%BeginFont
Handler:DirectoryHandler
FontType:Type1
FontName:Harmond-SemBdItaCond
FamilyName:Harmond
StyleName:Semi Bold Italic Condensed
MenuName:Harmond SemBd Cond Ita
StyleBits:1
WeightClass:600
WidthClass:3
AngleClass:1
FullName:Harmond SemBd Ita Cond
WritingScript:Roman
OutlineFileName:/Users/nadiakirmosuk/Documents/file indd/Тека шаблони ДЛЯ НЕЇ/Document fonts/Harmond-SemBdItaCond.otf
DataFormat:sfntData
UsesStandardEncoding:yes
isCFF:yes
hasSVG:no
VariableFontType:NonVariableFont
FileLength:77148
FileModTime:705486855
NameArray:0,Mac,4,Harmond SemBd Ita Cond
NameArray:0,Win,1,Harmond SemBd Cond Ita
NameArray:0,Win,16,Harmond
%EndFont

%BeginFont
Handler:DirectoryHandler
FontType:TrueType
FontName:IBMPlexSans-ExtraLight
FamilyName:IBM Plex Sans
StyleName:ExtraLight
MenuName:IBM Plex Sans ExtraLight
StyleBits:0
WeightClass:200
WidthClass:5
AngleClass:0
FullName:IBM Plex Sans ExtraLight
WritingScript:Roman
OutlineFileName:/Users/nadiakirmosuk/Documents/file indd/Тека шаблони ДЛЯ НЕЇ/Document fonts/IBMPlexSans-ExtraLight.ttf
DataFormat:sfntData
hasSVG:no
VariableFontType:NonVariableFont
FileLength:189980
FileModTime:597588636
NameArray:0,Mac,4,IBM Plex Sans ExtraLight
NameArray:0,Win,1,IBM Plex Sans ExtraLight
NameArray:0,Win,16,IBM Plex Sans
%EndFont

%BeginFont
Handler:DirectoryHandler
FontType:TrueType
FontName:Krungthep
FamilyName:Krungthep
StyleName:Regular
MenuName:Krungthep
StyleBits:0
WeightClass:400
WidthClass:5
AngleClass:0
FullName:Krungthep
WritingScript:Roman
OutlineFileName:/Users/nadiakirmosuk/Documents/file indd/Тека шаблони ДЛЯ НЕЇ/Document fonts/Krungthep.ttf
DataFormat:sfntData
hasSVG:no
VariableFontType:NonVariableFont
FileLength:190152
FileModTime:753339587
NameArray:0,Mac,4,Krungthep
%EndFont

%BeginFont
Handler:DirectoryHandler
FontType:TrueType
FontName:Luminari-Regular
FamilyName:Luminari
StyleName:Regular
MenuName:Luminari
StyleBits:0
WeightClass:400
WidthClass:5
AngleClass:0
FullName:Luminari
WritingScript:Roman
OutlineFileName:/Users/nadiakirmosuk/Documents/file indd/Тека шаблони ДЛЯ НЕЇ/Document fonts/Luminari.ttf
DataFormat:sfntData
hasSVG:no
VariableFontType:NonVariableFont
FileLength:558352
FileModTime:753339587
NameArray:0,Mac,4,Luminari
NameArray:0,Win,1,Luminari
NameArray:0,Win,16,Luminari
%EndFont

%BeginFont
Handler:DirectoryHandler
FontType:Type1
FontName:MinionPro-Regular
FamilyName:Minion Pro
StyleName:Regular
MenuName:Minion Pro
StyleBits:0
WeightClass:400
WidthClass:5
AngleClass:0
FullName:Minion Pro
WritingScript:Roman
OutlineFileName:/Users/nadiakirmosuk/Documents/file indd/Тека шаблони ДЛЯ НЕЇ/Document fonts/MinionPro-Regular.otf
DataFormat:sfntData
UsesStandardEncoding:yes
isCFF:yes
hasSVG:no
VariableFontType:NonVariableFont
FileLength:218640
FileModTime:703863002
DesignSize:110
NameArray:0,Mac,4,Minion Pro
NameArray:0,Win,1,Minion Pro
%EndFont

%BeginFont
Handler:DirectoryHandler
FontType:Type1
FontName:FiorinaGrande-Light
FamilyName:Fiorina Grande
StyleName:Light
MenuName:Fiorina Grande Light
StyleBits:0
WeightClass:350
WidthClass:5
AngleClass:0
FullName:Fiorina Grande Light
WritingScript:Roman
OutlineFileName:/Users/nadiakirmosuk/Documents/file indd/Тека шаблони ДЛЯ НЕЇ/Document fonts/Mint Type - FiorinaGrande-Light.otf
DataFormat:sfntData
UsesStandardEncoding:yes
isCFF:yes
hasSVG:no
VariableFontType:NonVariableFont
FileLength:93784
FileModTime:608167968
NameArray:0,Mac,4,Fiorina Grande Light
NameArray:0,Win,1,Fiorina Grande Light
NameArray:0,Win,16,Fiorina Grande
%EndFont

%BeginFont
Handler:DirectoryHandler
FontType:Type1
FontName:FiorinaSubhead-Light
FamilyName:Fiorina Subhead
StyleName:Light
MenuName:Fiorina Subhead Light
StyleBits:0
WeightClass:350
WidthClass:5
AngleClass:0
FullName:Fiorina Subhead Light
WritingScript:Roman
OutlineFileName:/Users/nadiakirmosuk/Documents/file indd/Тека шаблони ДЛЯ НЕЇ/Document fonts/Mint Type - FiorinaSubhead-Light.otf
DataFormat:sfntData
UsesStandardEncoding:yes
isCFF:yes
hasSVG:no
VariableFontType:NonVariableFont
FileLength:94136
FileModTime:608167968
NameArray:0,Mac,4,Fiorina Subhead Light
NameArray:0,Win,1,Fiorina Subhead Light
NameArray:0,Win,16,Fiorina Subhead
%EndFont

%BeginFont
Handler:DirectoryHandler
FontType:Type1
FontName:FiorinaText-LightItalic
FamilyName:Fiorina Text
StyleName:Light Italic
MenuName:Fiorina Text Light
StyleBits:1
WeightClass:350
WidthClass:5
AngleClass:0
FullName:Fiorina Text Light Italic
WritingScript:Roman
OutlineFileName:/Users/nadiakirmosuk/Documents/file indd/Тека шаблони ДЛЯ НЕЇ/Document fonts/Mint Type - FiorinaText-LightItalic.otf
DataFormat:sfntData
UsesStandardEncoding:yes
isCFF:yes
hasSVG:no
VariableFontType:NonVariableFont
FileLength:101096
FileModTime:608167968
NameArray:0,Mac,4,Fiorina Text Light Italic
NameArray:0,Win,1,Fiorina Text Light
NameArray:0,Win,16,Fiorina Text
%EndFont

%BeginFont
Handler:DirectoryHandler
FontType:Type1
FontName:FiorinaTitle-Light
FamilyName:Fiorina Title
StyleName:Light
MenuName:Fiorina Title Light
StyleBits:0
WeightClass:350
WidthClass:5
AngleClass:0
FullName:Fiorina Title Light
WritingScript:Roman
OutlineFileName:/Users/nadiakirmosuk/Documents/file indd/Тека шаблони ДЛЯ НЕЇ/Document fonts/Mint Type - FiorinaTitle-Light.otf
DataFormat:sfntData
UsesStandardEncoding:yes
isCFF:yes
hasSVG:no
VariableFontType:NonVariableFont
FileLength:94720
FileModTime:608167968
NameArray:0,Mac,4,Fiorina Title Light
NameArray:0,Win,1,Fiorina Title Light
NameArray:0,Win,16,Fiorina Title
%EndFont

%BeginFont
Handler:DirectoryHandler
FontType:TrueType
FontName:Montserrat-ExtraLight
FamilyName:Montserrat
StyleName:ExtraLight
MenuName:Montserrat ExtraLight
StyleBits:0
WeightClass:275
WidthClass:5
AngleClass:0
FullName:Montserrat ExtraLight
WritingScript:Roman
OutlineFileName:/Users/nadiakirmosuk/Documents/file indd/Тека шаблони ДЛЯ НЕЇ/Document fonts/Montserrat-ExtraLight.ttf
DataFormat:sfntData
hasSVG:no
VariableFontType:NonVariableFont
FileLength:259888
FileModTime:639391084
NameArray:0,Mac,4,Montserrat ExtraLight
NameArray:0,Win,1,Montserrat ExtraLight
NameArray:0,Win,16,Montserrat
%EndFont

%BeginFont
Handler:DirectoryHandler
FontType:Type1
FontName:NAMU-1960
FamilyName:NAMU
StyleName:1960
MenuName:NAMU 1960
StyleBits:0
WeightClass:700
WidthClass:5
AngleClass:0
FullName:NAMU 1960
WritingScript:Roman
OutlineFileName:/Users/nadiakirmosuk/Documents/file indd/Тека шаблони ДЛЯ НЕЇ/Document fonts/NAMU-1960.otf
DataFormat:sfntData
UsesStandardEncoding:yes
isCFF:yes
hasSVG:no
VariableFontType:NonVariableFont
FileLength:52736
FileModTime:640611714
NameArray:0,Mac,4,NAMU 1960
NameArray:0,Win,1,NAMU 1960
NameArray:0,Win,16,NAMU
%EndFont

%BeginFont
Handler:DirectoryHandler
FontType:Type1
FontName:Pelinka-ExpandedExtraLight
FamilyName:Pelinka
StyleName:Expanded ExtraLight
MenuName:Pelinka ExtLt Exp
StyleBits:0
WeightClass:200
WidthClass:7
AngleClass:0
FullName:Pelinka Expanded ExtraLight
WritingScript:Roman
OutlineFileName:/Users/nadiakirmosuk/Documents/file indd/Тека шаблони ДЛЯ НЕЇ/Document fonts/Pelinka-ExpandedExtraLight.otf
DataFormat:sfntData
UsesStandardEncoding:yes
isCFF:yes
hasSVG:no
VariableFontType:NonVariableFont
FileLength:82148
FileModTime:705486827
NameArray:0,Mac,4,Pelinka Expanded ExtraLight
NameArray:0,Win,1,Pelinka ExtLt Exp
NameArray:0,Win,16,Pelinka
%EndFont

%BeginFont
Handler:DirectoryHandler
FontType:TrueType
FontName:Pushkin
FamilyName:Pushkin
StyleName:Regular
MenuName:Pushkin
StyleBits:0
WeightClass:400
WidthClass:5
AngleClass:0
FullName:Pushkin
FamilyNameNative:
StyleNameNative:Regular
FullNameNative:
WritingScript:Cyrillic
OutlineFileName:/Users/nadiakirmosuk/Documents/file indd/Тека шаблони ДЛЯ НЕЇ/Document fonts/Pushkin.ttf
DataFormat:sfntData
hasSVG:no
VariableFontType:NonVariableFont
FileLength:70476
FileModTime:708765266
NameArray:0,Mac,4,Pushkin
NameArray:0,Win,1,Pushkin
%EndFont

%BeginFont
Handler:DirectoryHandler
FontType:TrueType
FontName:Scriptorama
FamilyName:Scriptorama
StyleName:Regular
MenuName:Scriptorama
StyleBits:0
WeightClass:400
WidthClass:5
AngleClass:0
FullName:Scriptorama
FamilyNameNative:
StyleNameNative:Regular
FullNameNative:
WritingScript:Cyrillic
OutlineFileName:/Users/nadiakirmosuk/Documents/file indd/Тека шаблони ДЛЯ НЕЇ/Document fonts/Scriptorama.ttf
DataFormat:sfntData
hasSVG:no
VariableFontType:NonVariableFont
FileLength:150708
FileModTime:704354096
NameArray:0,Mac,18,Scriptorama
NameArray:0,Mac,4,Scriptorama
NameArray:0,Win,1,Scriptorama
NameArray:0,Win,16,Scriptorama
%EndFont

%BeginFont
Handler:DirectoryHandler
FontType:TrueType
FontName:Steppe-Regular
FamilyName:Steppe
StyleName:Regular
MenuName:Steppe
StyleBits:0
WeightClass:400
WidthClass:5
AngleClass:0
FullName:Steppe Regular
FamilyNameNative:
StyleNameNative:Regular
FullNameNative:
WritingScript:Cyrillic
OutlineFileName:/Users/nadiakirmosuk/Documents/file indd/Тека шаблони ДЛЯ НЕЇ/Document fonts/Steppe.ttf
DataFormat:sfntData
hasSVG:no
VariableFontType:NonVariableFont
FileLength:58080
FileModTime:705486806
NameArray:0,Mac,4,Steppe Regular
NameArray:0,Win,1,Steppe
%EndFont

%BeginFont
Handler:DirectoryHandler
FontType:TrueType
FontName:Zapfino
FamilyName:Zapfino
StyleName:Regular
MenuName:Zapfino
StyleBits:1
WeightClass:400
WidthClass:5
AngleClass:1
FullName:Zapfino
WritingScript:Roman
OutlineFileName:/Users/nadiakirmosuk/Documents/file indd/Тека шаблони ДЛЯ НЕЇ/Document fonts/Zapfino.ttf
DataFormat:sfntData
hasSVG:no
VariableFontType:NonVariableFont
FileLength:403308
FileModTime:753339587
NameArray:0,Mac,4,Zapfino
%EndFont

%BeginFont
Handler:DirectoryHandler
FontType:TrueType
FontName:Inspiration
FamilyName:Inspiration
StyleName:Regular
MenuName:Inspiration
StyleBits:0
WeightClass:400
WidthClass:5
AngleClass:0
FullName:Inspiration
FamilyNameNative:
StyleNameNative:Regular
FullNameNative:
WritingScript:Cyrillic
OutlineFileName:/Users/nadiakirmosuk/Documents/file indd/Тека шаблони ДЛЯ НЕЇ/Document fonts/inspiration.ttf
DataFormat:sfntData
hasSVG:no
VariableFontType:NonVariableFont
FileLength:174284
FileModTime:654590634
NameArray:0,Mac,18,Inspiration
NameArray:0,Mac,4,Inspiration
NameArray:0,Win,1,Inspiration
NameArray:0,Win,16,Inspiration
%EndFont

%BeginFont
Handler:DirectoryHandler
FontType:TrueType
FontName:Athelas-Bold
FamilyName:Athelas
StyleName:Bold
MenuName:Athelas
StyleBits:2
WeightClass:700
WidthClass:5
AngleClass:0
FullName:Athelas Bold
WritingScript:Roman
OutlineFileName:/Users/nadiakirmosuk/Documents/file indd/Тека шаблони ДЛЯ НЕЇ/Document fonts/Athelas.ttc
TTCOffset:940
DataFormat:sfntData
hasSVG:no
VariableFontType:NonVariableFont
FileLength:2327804
FileModTime:753339587
NameArray:0,Mac,4,Athelas Bold
NameArray:0,Win,1,Athelas
NameArray:0,Win,16,Athelas
%EndFont

%BeginFont
Handler:DirectoryHandler
FontType:TrueType
FontName:Athelas-BoldItalic
FamilyName:Athelas
StyleName:Bold Italic
MenuName:Athelas
StyleBits:3
WeightClass:700
WidthClass:5
AngleClass:1
FullName:Athelas Bold Italic
WritingScript:Roman
OutlineFileName:/Users/nadiakirmosuk/Documents/file indd/Тека шаблони ДЛЯ НЕЇ/Document fonts/Athelas.ttc
TTCOffset:640
DataFormat:sfntData
hasSVG:no
VariableFontType:NonVariableFont
FileLength:2327804
FileModTime:753339587
NameArray:0,Mac,4,Athelas Bold Italic
NameArray:0,Win,1,Athelas
NameArray:0,Win,16,Athelas
%EndFont

%BeginFont
Handler:DirectoryHandler
FontType:TrueType
FontName:Athelas-Italic
FamilyName:Athelas
StyleName:Italic
MenuName:Athelas
StyleBits:1
WeightClass:400
WidthClass:5
AngleClass:1
FullName:Athelas Italic
WritingScript:Roman
OutlineFileName:/Users/nadiakirmosuk/Documents/file indd/Тека шаблони ДЛЯ НЕЇ/Document fonts/Athelas.ttc
TTCOffset:340
DataFormat:sfntData
hasSVG:no
VariableFontType:NonVariableFont
FileLength:2327804
FileModTime:753339587
NameArray:0,Mac,4,Athelas Italic
NameArray:0,Win,1,Athelas
NameArray:0,Win,16,Athelas
%EndFont

%BeginFont
Handler:DirectoryHandler
FontType:TrueType
FontName:Athelas-Regular
FamilyName:Athelas
StyleName:Regular
MenuName:Athelas
StyleBits:0
WeightClass:400
WidthClass:5
AngleClass:0
FullName:Athelas Regular
WritingScript:Roman
OutlineFileName:/Users/nadiakirmosuk/Documents/file indd/Тека шаблони ДЛЯ НЕЇ/Document fonts/Athelas.ttc
TTCOffset:40
DataFormat:sfntData
hasSVG:no
VariableFontType:NonVariableFont
FileLength:2327804
FileModTime:753339587
NameArray:0,Mac,4,Athelas Regular
NameArray:0,Win,1,Athelas
NameArray:0,Win,16,Athelas
%EndFont

%BeginFont
Handler:DirectoryHandler
FontType:TrueType
FontName:Baskerville
FamilyName:Baskerville
StyleName:Regular
MenuName:Baskerville
StyleBits:0
WeightClass:400
WidthClass:5
AngleClass:0
FullName:Baskerville
WritingScript:Roman
OutlineFileName:/Users/nadiakirmosuk/Documents/file indd/Тека шаблони ДЛЯ НЕЇ/Document fonts/Baskerville.ttc
TTCOffset:48
DataFormat:sfntData
hasSVG:no
VariableFontType:NonVariableFont
FileLength:1373016
FileModTime:753339587
NameArray:0,Mac,4,Baskerville
NameArray:0,Win,1,Baskerville
%EndFont

%BeginFont
Handler:DirectoryHandler
FontType:TrueType
FontName:Baskerville-Bold
FamilyName:Baskerville
StyleName:Bold
MenuName:Baskerville
StyleBits:2
WeightClass:700
WidthClass:5
AngleClass:0
FullName:Baskerville Bold
WritingScript:Roman
OutlineFileName:/Users/nadiakirmosuk/Documents/file indd/Тека шаблони ДЛЯ НЕЇ/Document fonts/Baskerville.ttc
TTCOffset:284
DataFormat:sfntData
hasSVG:no
VariableFontType:NonVariableFont
FileLength:1373016
FileModTime:753339587
NameArray:0,Mac,4,Baskerville Bold
NameArray:0,Win,1,Baskerville
%EndFont

%BeginFont
Handler:DirectoryHandler
FontType:TrueType
FontName:Baskerville-BoldItalic
FamilyName:Baskerville
StyleName:Bold Italic
MenuName:Baskerville
StyleBits:3
WeightClass:700
WidthClass:5
AngleClass:1
FullName:Baskerville Bold Italic
WritingScript:Roman
OutlineFileName:/Users/nadiakirmosuk/Documents/file indd/Тека шаблони ДЛЯ НЕЇ/Document fonts/Baskerville.ttc
TTCOffset:772
DataFormat:sfntData
hasSVG:no
VariableFontType:NonVariableFont
FileLength:1373016
FileModTime:753339587
NameArray:0,Mac,4,Baskerville Bold Italic
NameArray:0,Win,1,Baskerville
%EndFont

%BeginFont
Handler:DirectoryHandler
FontType:TrueType
FontName:Baskerville-Italic
FamilyName:Baskerville
StyleName:Italic
MenuName:Baskerville
StyleBits:1
WeightClass:400
WidthClass:5
AngleClass:1
FullName:Baskerville Italic
WritingScript:Roman
OutlineFileName:/Users/nadiakirmosuk/Documents/file indd/Тека шаблони ДЛЯ НЕЇ/Document fonts/Baskerville.ttc
TTCOffset:520
DataFormat:sfntData
hasSVG:no
VariableFontType:NonVariableFont
FileLength:1373016
FileModTime:753339587
NameArray:0,Mac,4,Baskerville Italic
NameArray:0,Win,1,Baskerville
%EndFont

%BeginFont
Handler:DirectoryHandler
FontType:TrueType
FontName:Baskerville-SemiBold
FamilyName:Baskerville
StyleName:SemiBold
MenuName:Baskerville
StyleBits:0
WeightClass:600
WidthClass:5
AngleClass:0
FullName:Baskerville SemiBold
WritingScript:Roman
OutlineFileName:/Users/nadiakirmosuk/Documents/file indd/Тека шаблони ДЛЯ НЕЇ/Document fonts/Baskerville.ttc
TTCOffset:1024
DataFormat:sfntData
hasSVG:no
VariableFontType:NonVariableFont
FileLength:1373016
FileModTime:753339587
NameArray:0,Mac,4,Baskerville SemiBold
NameArray:0,Win,1,Baskerville
%EndFont

%BeginFont
Handler:DirectoryHandler
FontType:TrueType
FontName:Baskerville-SemiBoldItalic
FamilyName:Baskerville
StyleName:SemiBold Italic
MenuName:Baskerville
StyleBits:1
WeightClass:600
WidthClass:5
AngleClass:1
FullName:Baskerville SemiBold Italic
WritingScript:Roman
OutlineFileName:/Users/nadiakirmosuk/Documents/file indd/Тека шаблони ДЛЯ НЕЇ/Document fonts/Baskerville.ttc
TTCOffset:1260
DataFormat:sfntData
hasSVG:no
VariableFontType:NonVariableFont
FileLength:1373016
FileModTime:753339587
NameArray:0,Mac,4,Baskerville SemiBold Italic
NameArray:0,Win,1,Baskerville
%EndFont

%BeginFont
Handler:DirectoryHandler
FontType:TrueType
FontName:BodoniSvtyTwoITCTT-Bold
FamilyName:Bodoni 72
StyleName:Bold
MenuName:Bodoni 72
StyleBits:2
WeightClass:700
WidthClass:5
AngleClass:0
FullName:Bodoni 72 Bold
WritingScript:Roman
OutlineFileName:/Users/nadiakirmosuk/Documents/file indd/Тека шаблони ДЛЯ НЕЇ/Document fonts/Bodoni 72.ttc
TTCOffset:540
DataFormat:sfntData
hasSVG:no
VariableFontType:NonVariableFont
FileLength:428976
FileModTime:753339587
NameArray:0,Mac,4,Bodoni 72 Bold
NameArray:0,Win,1,Bodoni 72
%EndFont

%BeginFont
Handler:DirectoryHandler
FontType:TrueType
FontName:BodoniSvtyTwoITCTT-Book
FamilyName:Bodoni 72
StyleName:Book
MenuName:Bodoni 72
StyleBits:0
WeightClass:400
WidthClass:5
AngleClass:0
FullName:Bodoni 72 Book
WritingScript:Roman
OutlineFileName:/Users/nadiakirmosuk/Documents/file indd/Тека шаблони ДЛЯ НЕЇ/Document fonts/Bodoni 72.ttc
TTCOffset:36
DataFormat:sfntData
hasSVG:no
VariableFontType:NonVariableFont
FileLength:428976
FileModTime:753339587
NameArray:0,Mac,4,Bodoni 72 Book
NameArray:0,Win,1,Bodoni 72
%EndFont

%BeginFont
Handler:DirectoryHandler
FontType:TrueType
FontName:BodoniSvtyTwoITCTT-BookIta
FamilyName:Bodoni 72
StyleName:Book Italic
MenuName:Bodoni 72
StyleBits:1
WeightClass:400
WidthClass:5
AngleClass:1
FullName:Bodoni 72 Book Italic
WritingScript:Roman
OutlineFileName:/Users/nadiakirmosuk/Documents/file indd/Тека шаблони ДЛЯ НЕЇ/Document fonts/Bodoni 72.ttc
TTCOffset:288
DataFormat:sfntData
hasSVG:no
VariableFontType:NonVariableFont
FileLength:428976
FileModTime:753339587
NameArray:0,Mac,4,Bodoni 72 Book Italic
NameArray:0,Win,1,Bodoni 72
%EndFont

%BeginFont
Handler:DirectoryHandler
FontType:TrueType
FontName:Charter-Black
FamilyName:Charter
StyleName:Black
MenuName:Charter Black
StyleBits:2
WeightClass:900
WidthClass:5
AngleClass:0
FullName:Charter Black
WritingScript:Roman
OutlineFileName:/Users/nadiakirmosuk/Documents/file indd/Тека шаблони ДЛЯ НЕЇ/Document fonts/Charter.ttc
TTCOffset:1660
DataFormat:sfntData
hasSVG:no
VariableFontType:NonVariableFont
FileLength:2121076
FileModTime:753339587
NameArray:0,Mac,4,Charter Black
NameArray:0,Win,1,Charter Black
NameArray:0,Win,16,Charter
%EndFont

%BeginFont
Handler:DirectoryHandler
FontType:TrueType
FontName:Charter-BlackItalic
FamilyName:Charter
StyleName:Black Italic
MenuName:Charter Black
StyleBits:3
WeightClass:900
WidthClass:5
AngleClass:1
FullName:Charter Black Italic
WritingScript:Roman
OutlineFileName:/Users/nadiakirmosuk/Documents/file indd/Тека шаблони ДЛЯ НЕЇ/Document fonts/Charter.ttc
TTCOffset:1376
DataFormat:sfntData
hasSVG:no
VariableFontType:NonVariableFont
FileLength:2121076
FileModTime:753339587
NameArray:0,Mac,4,Charter Black Italic
NameArray:0,Win,1,Charter Black
NameArray:0,Win,16,Charter
%EndFont

%BeginFont
Handler:DirectoryHandler
FontType:TrueType
FontName:Charter-Bold
FamilyName:Charter
StyleName:Bold
MenuName:Charter
StyleBits:0
WeightClass:700
WidthClass:5
AngleClass:0
FullName:Charter Bold
WritingScript:Roman
OutlineFileName:/Users/nadiakirmosuk/Documents/file indd/Тека шаблони ДЛЯ НЕЇ/Document fonts/Charter.ttc
TTCOffset:1044
DataFormat:sfntData
hasSVG:no
VariableFontType:NonVariableFont
FileLength:2121076
FileModTime:753339587
NameArray:0,Mac,4,Charter Bold
NameArray:0,Win,1,Charter
NameArray:0,Win,16,Charter
%EndFont

%BeginFont
Handler:DirectoryHandler
FontType:TrueType
FontName:Charter-BoldItalic
FamilyName:Charter
StyleName:Bold Italic
MenuName:Charter
StyleBits:1
WeightClass:700
WidthClass:5
AngleClass:1
FullName:Charter BT Bold Italic
WritingScript:Roman
OutlineFileName:/Users/nadiakirmosuk/Documents/file indd/Тека шаблони ДЛЯ НЕЇ/Document fonts/Charter.ttc
TTCOffset:712
DataFormat:sfntData
hasSVG:no
VariableFontType:NonVariableFont
FileLength:2121076
FileModTime:753339587
NameArray:0,Mac,4,Charter Bold Italic
NameArray:0,Win,1,Charter
NameArray:0,Win,16,Charter
%EndFont

%BeginFont
Handler:DirectoryHandler
FontType:TrueType
FontName:Charter-Italic
FamilyName:Charter
StyleName:Italic
MenuName:Charter
StyleBits:1
WeightClass:400
WidthClass:5
AngleClass:1
FullName:Charter Italic
WritingScript:Roman
OutlineFileName:/Users/nadiakirmosuk/Documents/file indd/Тека шаблони ДЛЯ НЕЇ/Document fonts/Charter.ttc
TTCOffset:380
DataFormat:sfntData
hasSVG:no
VariableFontType:NonVariableFont
FileLength:2121076
FileModTime:753339587
NameArray:0,Mac,4,Charter Italic
NameArray:0,Win,1,Charter
NameArray:0,Win,16,Charter
%EndFont

%BeginFont
Handler:DirectoryHandler
FontType:TrueType
FontName:Charter-Roman
FamilyName:Charter
StyleName:Roman
MenuName:Charter
StyleBits:0
WeightClass:400
WidthClass:5
AngleClass:0
FullName:Charter Roman
WritingScript:Roman
OutlineFileName:/Users/nadiakirmosuk/Documents/file indd/Тека шаблони ДЛЯ НЕЇ/Document fonts/Charter.ttc
TTCOffset:48
DataFormat:sfntData
hasSVG:no
VariableFontType:NonVariableFont
FileLength:2121076
FileModTime:753339587
NameArray:0,Mac,4,Charter Roman
NameArray:0,Win,1,Charter
NameArray:0,Win,16,Charter
%EndFont

%BeginFont
Handler:DirectoryHandler
FontType:TrueType
FontName:IowanOldStyle-Black
FamilyName:Iowan Old Style
StyleName:Black
MenuName:Iowan Old Style Black
StyleBits:0
WeightClass:900
WidthClass:5
AngleClass:0
FullName:Iowan Old Style Black
WritingScript:Roman
OutlineFileName:/Users/nadiakirmosuk/Documents/file indd/Тека шаблони ДЛЯ НЕЇ/Document fonts/Iowan Old Style.ttc
TTCOffset:1316
DataFormat:sfntData
hasSVG:no
VariableFontType:NonVariableFont
FileLength:3421944
FileModTime:753339587
NameArray:0,Mac,4,Iowan Old Style Black
NameArray:0,Win,1,Iowan Old Style Black
NameArray:0,Win,16,Iowan Old Style
%EndFont

%BeginFont
Handler:DirectoryHandler
FontType:TrueType
FontName:IowanOldStyle-BlackItalic
FamilyName:Iowan Old Style
StyleName:Black Italic
MenuName:Iowan Old Style Black
StyleBits:1
WeightClass:900
WidthClass:5
AngleClass:1
FullName:Iowan Old Style Black Italic
WritingScript:Roman
OutlineFileName:/Users/nadiakirmosuk/Documents/file indd/Тека шаблони ДЛЯ НЕЇ/Document fonts/Iowan Old Style.ttc
TTCOffset:1632
DataFormat:sfntData
hasSVG:no
VariableFontType:NonVariableFont
FileLength:3421944
FileModTime:753339587
NameArray:0,Mac,4,Iowan Old Style Black Italic
NameArray:0,Win,1,Iowan Old Style Black
NameArray:0,Win,16,Iowan Old Style
%EndFont

%BeginFont
Handler:DirectoryHandler
FontType:TrueType
FontName:IowanOldStyle-Bold
FamilyName:Iowan Old Style
StyleName:Bold
MenuName:Iowan Old Style
StyleBits:2
WeightClass:700
WidthClass:5
AngleClass:0
FullName:Iowan Old Style Bold
WritingScript:Roman
OutlineFileName:/Users/nadiakirmosuk/Documents/file indd/Тека шаблони ДЛЯ НЕЇ/Document fonts/Iowan Old Style.ttc
TTCOffset:368
DataFormat:sfntData
hasSVG:no
VariableFontType:NonVariableFont
FileLength:3421944
FileModTime:753339587
NameArray:0,Mac,4,Iowan Old Style Bold
NameArray:0,Win,1,Iowan Old Style
NameArray:0,Win,16,Iowan Old Style
%EndFont

%BeginFont
Handler:DirectoryHandler
FontType:TrueType
FontName:IowanOldStyle-BoldItalic
FamilyName:Iowan Old Style
StyleName:Bold Italic
MenuName:Iowan Old Style
StyleBits:3
WeightClass:700
WidthClass:5
AngleClass:1
FullName:Iowan Old Style Bold Italic
WritingScript:Roman
OutlineFileName:/Users/nadiakirmosuk/Documents/file indd/Тека шаблони ДЛЯ НЕЇ/Document fonts/Iowan Old Style.ttc
TTCOffset:1000
DataFormat:sfntData
hasSVG:no
VariableFontType:NonVariableFont
FileLength:3421944
FileModTime:753339587
NameArray:0,Mac,4,Iowan Old Style Bold Italic
NameArray:0,Win,1,Iowan Old Style
NameArray:0,Win,16,Iowan Old Style
%EndFont

%BeginFont
Handler:DirectoryHandler
FontType:TrueType
FontName:IowanOldStyle-Italic
FamilyName:Iowan Old Style
StyleName:Italic
MenuName:Iowan Old Style
StyleBits:1
WeightClass:400
WidthClass:5
AngleClass:1
FullName:Iowan Old Style Italic
WritingScript:Roman
OutlineFileName:/Users/nadiakirmosuk/Documents/file indd/Тека шаблони ДЛЯ НЕЇ/Document fonts/Iowan Old Style.ttc
TTCOffset:684
DataFormat:sfntData
hasSVG:no
VariableFontType:NonVariableFont
FileLength:3421944
FileModTime:753339587
NameArray:0,Mac,4,Iowan Old Style Italic
NameArray:0,Win,1,Iowan Old Style
NameArray:0,Win,16,Iowan Old Style
%EndFont

%BeginFont
Handler:DirectoryHandler
FontType:TrueType
FontName:IowanOldStyle-Roman
FamilyName:Iowan Old Style
StyleName:Roman
MenuName:Iowan Old Style
StyleBits:0
WeightClass:400
WidthClass:5
AngleClass:0
FullName:Iowan Old Style Roman
WritingScript:Roman
OutlineFileName:/Users/nadiakirmosuk/Documents/file indd/Тека шаблони ДЛЯ НЕЇ/Document fonts/Iowan Old Style.ttc
TTCOffset:52
DataFormat:sfntData
hasSVG:no
VariableFontType:NonVariableFont
FileLength:3421944
FileModTime:753339587
NameArray:0,Mac,4,Iowan Old Style Roman
NameArray:0,Win,1,Iowan Old Style
NameArray:0,Win,16,Iowan Old Style
%EndFont

%BeginFont
Handler:DirectoryHandler
FontType:TrueType
FontName:IowanOldStyle-Titling
FamilyName:Iowan Old Style
StyleName:Titling
MenuName:Iowan Old Style
StyleBits:0
WeightClass:400
WidthClass:5
AngleClass:0
FullName:Iowan Old Style Titling
WritingScript:Roman
OutlineFileName:/Users/nadiakirmosuk/Documents/file indd/Тека шаблони ДЛЯ НЕЇ/Document fonts/Iowan Old Style.ttc
TTCOffset:1948
DataFormat:sfntData
hasSVG:no
VariableFontType:NonVariableFont
FileLength:3421944
FileModTime:753339587
NameArray:0,Mac,4,Iowan Old Style Titling
NameArray:0,Win,1,Iowan Old Style
NameArray:0,Win,16,Iowan Old Style
%EndFont

%BeginFont
Handler:DirectoryHandler
FontType:TrueType
FontName:SavoyeLetPlain
FamilyName:Savoye LET
StyleName:Plain
MenuName:Savoye LET
StyleBits:0
WeightClass:400
WidthClass:5
AngleClass:0
FullName:Savoye LET Plain:1.0
WritingScript:Roman
OutlineFileName:/Users/nadiakirmosuk/Documents/file indd/Тека шаблони ДЛЯ НЕЇ/Document fonts/Savoye LET.ttc
TTCOffset:32
DataFormat:sfntData
hasSVG:no
VariableFontType:NonVariableFont
FileLength:110272
FileModTime:753339587
NameArray:0,Mac,4,Savoye LET Plain:1.0
%EndFont

%BeginFont
Handler:DirectoryHandler
FontType:TrueType
FontName:SnellRoundhand
FamilyName:Snell Roundhand
StyleName:Regular
MenuName:Snell Roundhand
StyleBits:0
WeightClass:500
WidthClass:5
AngleClass:1
FullName:Snell Roundhand
WritingScript:Roman
OutlineFileName:/Users/nadiakirmosuk/Documents/file indd/Тека шаблони ДЛЯ НЕЇ/Document fonts/SnellRoundhand.ttc
TTCOffset:36
DataFormat:sfntData
hasSVG:no
VariableFontType:NonVariableFont
FileLength:3590372
FileModTime:753339587
NameArray:0,Mac,4,Snell Roundhand
NameArray:0,Win,1,Snell Roundhand
%EndFont

%BeginFont
Handler:DirectoryHandler
FontType:TrueType
FontName:SnellRoundhand-Black
FamilyName:Snell Roundhand
StyleName:Black
MenuName:Snell Roundhand
StyleBits:0
WeightClass:900
WidthClass:5
AngleClass:1
FullName:Snell Roundhand Black
WritingScript:Roman
OutlineFileName:/Users/nadiakirmosuk/Documents/file indd/Тека шаблони ДЛЯ НЕЇ/Document fonts/SnellRoundhand.ttc
TTCOffset:668
DataFormat:sfntData
hasSVG:no
VariableFontType:NonVariableFont
FileLength:3590372
FileModTime:753339587
NameArray:0,Mac,4,Snell Roundhand Black
NameArray:0,Win,1,Snell Roundhand
%EndFont

%BeginFont
Handler:DirectoryHandler
FontType:TrueType
FontName:SnellRoundhand-Bold
FamilyName:Snell Roundhand
StyleName:Bold
MenuName:Snell Roundhand
StyleBits:0
WeightClass:700
WidthClass:5
AngleClass:1
FullName:Snell Roundhand Bold
WritingScript:Roman
OutlineFileName:/Users/nadiakirmosuk/Documents/file indd/Тека шаблони ДЛЯ НЕЇ/Document fonts/SnellRoundhand.ttc
TTCOffset:352
DataFormat:sfntData
hasSVG:no
VariableFontType:NonVariableFont
FileLength:3590372
FileModTime:753339587
NameArray:0,Mac,4,Snell Roundhand Bold
NameArray:0,Win,1,Snell Roundhand
%EndFont

